<?xml version="1.0" encoding="UTF-8"?>
<!-- Generated by org.testng.reporters.JUnitReportReporter -->
<testsuite hostname="QT-INNO-LT1631" failures="0" tests="6" name="test.SignUp" time="49.464" errors="0" timestamp="2022-11-16T15:29:45 IST" skipped="0">
  <testcase classname="test.SignUp" name="signUp" time="7.495"/>
  <system-out/>
  <testcase classname="test.SignUp" name="signUp" time="9.018"/>
  <system-out/>
  <testcase classname="test.SignUp" name="signUp" time="6.834"/>
  <system-out/>
  <testcase classname="test.SignUp" name="signUp" time="8.043"/>
  <system-out/>
  <testcase classname="test.SignUp" name="signUp" time="9.232"/>
  <system-out/>
  <testcase classname="test.SignUp" name="signUp" time="8.842"/>
  <system-out/>
</testsuite> <!-- test.SignUp -->
